<?xml version="1.0" encoding="UTF-8"?>
<!-- Generated by org.testng.reporters.JUnitXMLReporter -->
<testsuite ignored="0" hostname="LAPTOP-7ISEF72N" failures="0" tests="12" name="Test" time="160.576" errors="0" timestamp="2025-04-29T12:36:45 IST">
  <testcase classname="com.comcast.crm.contacttest.CreateContactandOrgTest" name="run" time="18.67"/>
  <testcase classname="com.comcast.crm.orgtest.CreateorgTest" name="createorg" time="9.339"/>
  <testcase classname="com.comcast.crm.systemtest.TC_01_CreateCompains" name="run" time="11.439"/>
  <testcase classname="com.comcast.crm.contacttest.CreateContactTest" name="run" time="8.593"/>
  <testcase classname="com.comcast.crm.orgtest.CreateOrgWithIndustryTest" name="run" time="11.111"/>
  <testcase classname="com.comcast.crm.systemtest.TC_02_CreateOpportunities" name="run" time="16.837"/>
  <testcase classname="com.comcast.crm.contacttest.CreatecontactwithsupportdateTest" name="run" time="9.322"/>
  <testcase classname="com.comcast.crm.orgtest.CreateorgwithPhoneNoTest" name="run" time="9.667"/>
  <testcase classname="com.comcast.crm.systemtest.TC_03_CreateSalesOrder" name="run" time="26.093"/>
  <testcase classname="com.comcast.crm.systemtest.TC_04_CreateInvoice" name="run" time="21.59"/>
  <testcase classname="com.comcast.crm.systemtest.TC_05_CreateLead" name="run" time="9.02"/>
  <testcase classname="com.comcast.crm.systemtest.TC_06_CreateProduct" name="run" time="8.755"/>
</testsuite> <!-- Test -->
