<?xml version="1.0" encoding="UTF-8"?>
<testng-results ignored="0" total="12" passed="12" failed="0" skipped="0">
  <reporter-output>
  </reporter-output>
  <suite started-at="2025-04-29T12:38:28 IST" name="Suite" finished-at="2025-04-29T12:41:09 IST" duration-ms="160773">
    <groups>
    </groups>
    <test started-at="2025-04-29T12:38:28 IST" name="Test" finished-at="2025-04-29T12:41:09 IST" duration-ms="160773">
      <class name="com.comcast.crm.systemtest.TC_06_CreateProduct">
        <test-method signature="run()[pri:0, instance:com.comcast.crm.systemtest.TC_06_CreateProduct@5c5eefef]" started-at="2025-04-29T12:41:00 IST" name="run" finished-at="2025-04-29T12:41:09 IST" duration-ms="8727" status="PASS">
          <reporter-output>
          </reporter-output>
        </test-method> <!-- run -->
      </class> <!-- com.comcast.crm.systemtest.TC_06_CreateProduct -->
      <class name="com.comcast.crm.systemtest.TC_05_CreateLead">
        <test-method signature="run()[pri:0, instance:com.comcast.crm.systemtest.TC_05_CreateLead@222545dc]" started-at="2025-04-29T12:40:51 IST" name="run" finished-at="2025-04-29T12:41:00 IST" duration-ms="9265" status="PASS">
          <reporter-output>
          </reporter-output>
        </test-method> <!-- run -->
      </class> <!-- com.comcast.crm.systemtest.TC_05_CreateLead -->
      <class name="com.comcast.crm.orgtest.CreateorgwithPhoneNoTest">
        <test-method signature="run()[pri:0, instance:com.comcast.crm.orgtest.CreateorgwithPhoneNoTest@515aebb0]" started-at="2025-04-29T12:39:54 IST" name="run" finished-at="2025-04-29T12:40:03 IST" duration-ms="9539" status="PASS">
          <reporter-output>
          </reporter-output>
        </test-method> <!-- run -->
      </class> <!-- com.comcast.crm.orgtest.CreateorgwithPhoneNoTest -->
      <class name="com.comcast.crm.systemtest.TC_02_CreateOpportunities">
        <test-method signature="run()[pri:0, instance:com.comcast.crm.systemtest.TC_02_CreateOpportunities@245b4bdc]" started-at="2025-04-29T12:39:28 IST" name="run" finished-at="2025-04-29T12:39:44 IST" duration-ms="16286" status="PASS">
          <reporter-output>
          </reporter-output>
        </test-method> <!-- run -->
      </class> <!-- com.comcast.crm.systemtest.TC_02_CreateOpportunities -->
      <class name="com.comcast.crm.systemtest.TC_01_CreateCompains">
        <test-method signature="run()[pri:0, instance:com.comcast.crm.systemtest.TC_01_CreateCompains@dd8ba08]" started-at="2025-04-29T12:38:57 IST" name="run" finished-at="2025-04-29T12:39:08 IST" duration-ms="11139" status="PASS">
          <reporter-output>
          </reporter-output>
        </test-method> <!-- run -->
      </class> <!-- com.comcast.crm.systemtest.TC_01_CreateCompains -->
      <class name="com.comcast.crm.orgtest.CreateorgTest">
        <test-method signature="createorg()[pri:0, instance:com.comcast.crm.orgtest.CreateorgTest@52bf72b5]" started-at="2025-04-29T12:38:47 IST" name="createorg" finished-at="2025-04-29T12:38:57 IST" duration-ms="9645" status="PASS">
          <reporter-output>
          </reporter-output>
        </test-method> <!-- createorg -->
      </class> <!-- com.comcast.crm.orgtest.CreateorgTest -->
      <class name="com.comcast.crm.contacttest.CreateContactandOrgTest">
        <test-method signature="run()[pri:0, instance:com.comcast.crm.contacttest.CreateContactandOrgTest@1aa7ecca]" started-at="2025-04-29T12:38:28 IST" name="run" finished-at="2025-04-29T12:38:47 IST" duration-ms="19117" status="PASS">
          <reporter-output>
          </reporter-output>
        </test-method> <!-- run -->
      </class> <!-- com.comcast.crm.contacttest.CreateContactandOrgTest -->
      <class name="com.comcast.crm.systemtest.TC_03_CreateSalesOrder">
        <test-method signature="run()[pri:0, instance:com.comcast.crm.systemtest.TC_03_CreateSalesOrder@6c64cb25]" started-at="2025-04-29T12:40:03 IST" name="run" finished-at="2025-04-29T12:40:30 IST" duration-ms="26571" status="PASS">
          <reporter-output>
          </reporter-output>
        </test-method> <!-- run -->
      </class> <!-- com.comcast.crm.systemtest.TC_03_CreateSalesOrder -->
      <class name="com.comcast.crm.orgtest.CreateOrgWithIndustryTest">
        <test-method signature="run()[pri:0, instance:com.comcast.crm.orgtest.CreateOrgWithIndustryTest@37afeb11]" started-at="2025-04-29T12:39:17 IST" name="run" finished-at="2025-04-29T12:39:28 IST" duration-ms="10730" status="PASS">
          <reporter-output>
          </reporter-output>
        </test-method> <!-- run -->
      </class> <!-- com.comcast.crm.orgtest.CreateOrgWithIndustryTest -->
      <class name="com.comcast.crm.systemtest.TC_04_CreateInvoice">
        <test-method signature="run()[pri:0, instance:com.comcast.crm.systemtest.TC_04_CreateInvoice@6ae5aa72]" started-at="2025-04-29T12:40:30 IST" name="run" finished-at="2025-04-29T12:40:51 IST" duration-ms="21242" status="PASS">
          <reporter-output>
          </reporter-output>
        </test-method> <!-- run -->
      </class> <!-- com.comcast.crm.systemtest.TC_04_CreateInvoice -->
      <class name="com.comcast.crm.contacttest.CreateContactTest">
        <test-method signature="run()[pri:0, instance:com.comcast.crm.contacttest.CreateContactTest@2a798d51]" started-at="2025-04-29T12:39:08 IST" name="run" finished-at="2025-04-29T12:39:17 IST" duration-ms="9093" status="PASS">
          <reporter-output>
          </reporter-output>
        </test-method> <!-- run -->
      </class> <!-- com.comcast.crm.contacttest.CreateContactTest -->
      <class name="com.comcast.crm.contacttest.CreatecontactwithsupportdateTest">
        <test-method signature="run()[pri:0, instance:com.comcast.crm.contacttest.CreatecontactwithsupportdateTest@6d763516]" started-at="2025-04-29T12:39:44 IST" name="run" finished-at="2025-04-29T12:39:54 IST" duration-ms="9251" status="PASS">
          <reporter-output>
          </reporter-output>
        </test-method> <!-- run -->
      </class> <!-- com.comcast.crm.contacttest.CreatecontactwithsupportdateTest -->
    </test> <!-- Test -->
  </suite> <!-- Suite -->
</testng-results>
