<?xml version="1.0" encoding="UTF-8"?>
<testng-results ignored="0" total="3" passed="3" failed="0" skipped="0">
  <reporter-output>
  </reporter-output>
  <suite started-at="2025-05-21T15:05:27 IST" name="Suite" finished-at="2025-05-21T15:08:01 IST" duration-ms="154379">
    <groups>
    </groups>
    <test started-at="2025-05-21T15:05:27 IST" name="Test" finished-at="2025-05-21T15:08:01 IST" duration-ms="154379">
      <class name="com.comcast.crm.orgtest.CreateOrganizationTest">
        <test-method is-config="true" signature="configBS()[pri:0, instance:com.comcast.crm.orgtest.CreateOrganizationTest@7dcf94f8]" started-at="2025-05-21T15:05:26 IST" name="configBS" finished-at="2025-05-21T15:05:27 IST" duration-ms="769" status="PASS">
          <reporter-output>
          </reporter-output>
        </test-method> <!-- configBS -->
        <test-method is-config="true" signature="configBC()[pri:0, instance:com.comcast.crm.orgtest.CreateOrganizationTest@7dcf94f8]" started-at="2025-05-21T15:05:27 IST" name="configBC" finished-at="2025-05-21T15:05:32 IST" duration-ms="5243" status="PASS">
          <reporter-output>
          </reporter-output>
        </test-method> <!-- configBC -->
        <test-method is-config="true" signature="configBM()[pri:0, instance:com.comcast.crm.orgtest.CreateOrganizationTest@7dcf94f8]" started-at="2025-05-21T15:05:32 IST" name="configBM" finished-at="2025-05-21T15:05:43 IST" duration-ms="10852" status="PASS">
          <reporter-output>
          </reporter-output>
        </test-method> <!-- configBM -->
        <test-method signature="createOrgTest()[pri:0, instance:com.comcast.crm.orgtest.CreateOrganizationTest@7dcf94f8]" started-at="2025-05-21T15:05:43 IST" name="createOrgTest" finished-at="2025-05-21T15:06:54 IST" duration-ms="71165" status="PASS">
          <reporter-output>
          </reporter-output>
        </test-method> <!-- createOrgTest -->
        <test-method is-config="true" signature="configAM()[pri:0, instance:com.comcast.crm.orgtest.CreateOrganizationTest@7dcf94f8]" started-at="2025-05-21T15:06:54 IST" name="configAM" finished-at="2025-05-21T15:06:59 IST" duration-ms="4285" status="PASS">
          <reporter-output>
          </reporter-output>
        </test-method> <!-- configAM -->
        <test-method is-config="true" signature="configBM()[pri:0, instance:com.comcast.crm.orgtest.CreateOrganizationTest@7dcf94f8]" started-at="2025-05-21T15:06:59 IST" name="configBM" finished-at="2025-05-21T15:07:04 IST" duration-ms="5819" status="PASS">
          <reporter-output>
          </reporter-output>
        </test-method> <!-- configBM -->
        <test-method signature="createOrgWithIndustryTest()[pri:0, instance:com.comcast.crm.orgtest.CreateOrganizationTest@7dcf94f8]" started-at="2025-05-21T15:07:04 IST" name="createOrgWithIndustryTest" finished-at="2025-05-21T15:07:30 IST" duration-ms="25507" status="PASS">
          <reporter-output>
          </reporter-output>
        </test-method> <!-- createOrgWithIndustryTest -->
        <test-method is-config="true" signature="configAM()[pri:0, instance:com.comcast.crm.orgtest.CreateOrganizationTest@7dcf94f8]" started-at="2025-05-21T15:07:30 IST" name="configAM" finished-at="2025-05-21T15:07:32 IST" duration-ms="2323" status="PASS">
          <reporter-output>
          </reporter-output>
        </test-method> <!-- configAM -->
        <test-method is-config="true" signature="configBM()[pri:0, instance:com.comcast.crm.orgtest.CreateOrganizationTest@7dcf94f8]" started-at="2025-05-21T15:07:32 IST" name="configBM" finished-at="2025-05-21T15:07:38 IST" duration-ms="5537" status="PASS">
          <reporter-output>
          </reporter-output>
        </test-method> <!-- configBM -->
        <test-method signature="createOrgWithPhoneNoTest()[pri:0, instance:com.comcast.crm.orgtest.CreateOrganizationTest@7dcf94f8]" started-at="2025-05-21T15:07:38 IST" name="createOrgWithPhoneNoTest" finished-at="2025-05-21T15:07:58 IST" duration-ms="20486" status="PASS">
          <reporter-output>
          </reporter-output>
        </test-method> <!-- createOrgWithPhoneNoTest -->
        <test-method is-config="true" signature="configAM()[pri:0, instance:com.comcast.crm.orgtest.CreateOrganizationTest@7dcf94f8]" started-at="2025-05-21T15:07:58 IST" name="configAM" finished-at="2025-05-21T15:08:01 IST" duration-ms="2659" status="PASS">
          <reporter-output>
          </reporter-output>
        </test-method> <!-- configAM -->
        <test-method is-config="true" signature="configAC()[pri:0, instance:com.comcast.crm.orgtest.CreateOrganizationTest@7dcf94f8]" started-at="2025-05-21T15:08:01 IST" name="configAC" finished-at="2025-05-21T15:08:01 IST" duration-ms="350" status="PASS">
          <reporter-output>
          </reporter-output>
        </test-method> <!-- configAC -->
        <test-method is-config="true" signature="configAS()[pri:0, instance:com.comcast.crm.orgtest.CreateOrganizationTest@7dcf94f8]" started-at="2025-05-21T15:08:01 IST" name="configAS" finished-at="2025-05-21T15:08:01 IST" duration-ms="1" status="PASS">
          <reporter-output>
          </reporter-output>
        </test-method> <!-- configAS -->
      </class> <!-- com.comcast.crm.orgtest.CreateOrganizationTest -->
    </test> <!-- Test -->
  </suite> <!-- Suite -->
</testng-results>
