<?xml version="1.0" encoding="UTF-8"?>
<testng-results ignored="0" total="12" passed="12" failed="0" skipped="0">
  <reporter-output>
  </reporter-output>
  <suite started-at="2025-04-29T12:34:04 IST" name="Suite" finished-at="2025-04-29T12:36:45 IST" duration-ms="160576">
    <groups>
    </groups>
    <test started-at="2025-04-29T12:34:04 IST" name="Test" finished-at="2025-04-29T12:36:45 IST" duration-ms="160576">
      <class name="com.comcast.crm.systemtest.TC_06_CreateProduct">
        <test-method signature="run()[pri:0, instance:com.comcast.crm.systemtest.TC_06_CreateProduct@1573f9fc]" started-at="2025-04-29T12:36:36 IST" name="run" finished-at="2025-04-29T12:36:45 IST" duration-ms="8755" status="PASS">
          <reporter-output>
          </reporter-output>
        </test-method> <!-- run -->
      </class> <!-- com.comcast.crm.systemtest.TC_06_CreateProduct -->
      <class name="com.comcast.crm.systemtest.TC_05_CreateLead">
        <test-method signature="run()[pri:0, instance:com.comcast.crm.systemtest.TC_05_CreateLead@5542c4ed]" started-at="2025-04-29T12:36:27 IST" name="run" finished-at="2025-04-29T12:36:36 IST" duration-ms="9020" status="PASS">
          <reporter-output>
          </reporter-output>
        </test-method> <!-- run -->
      </class> <!-- com.comcast.crm.systemtest.TC_05_CreateLead -->
      <class name="com.comcast.crm.orgtest.CreateorgwithPhoneNoTest">
        <test-method signature="run()[pri:0, instance:com.comcast.crm.orgtest.CreateorgwithPhoneNoTest@1165b38]" started-at="2025-04-29T12:35:30 IST" name="run" finished-at="2025-04-29T12:35:39 IST" duration-ms="9667" status="PASS">
          <reporter-output>
          </reporter-output>
        </test-method> <!-- run -->
      </class> <!-- com.comcast.crm.orgtest.CreateorgwithPhoneNoTest -->
      <class name="com.comcast.crm.systemtest.TC_02_CreateOpportunities">
        <test-method signature="run()[pri:0, instance:com.comcast.crm.systemtest.TC_02_CreateOpportunities@7586beff]" started-at="2025-04-29T12:35:03 IST" name="run" finished-at="2025-04-29T12:35:20 IST" duration-ms="16837" status="PASS">
          <reporter-output>
          </reporter-output>
        </test-method> <!-- run -->
      </class> <!-- com.comcast.crm.systemtest.TC_02_CreateOpportunities -->
      <class name="com.comcast.crm.systemtest.TC_01_CreateCompains">
        <test-method signature="run()[pri:0, instance:com.comcast.crm.systemtest.TC_01_CreateCompains@4c12331b]" started-at="2025-04-29T12:34:32 IST" name="run" finished-at="2025-04-29T12:34:44 IST" duration-ms="11439" status="PASS">
          <reporter-output>
          </reporter-output>
        </test-method> <!-- run -->
      </class> <!-- com.comcast.crm.systemtest.TC_01_CreateCompains -->
      <class name="com.comcast.crm.orgtest.CreateorgTest">
        <test-method signature="createorg()[pri:0, instance:com.comcast.crm.orgtest.CreateorgTest@327514f]" started-at="2025-04-29T12:34:23 IST" name="createorg" finished-at="2025-04-29T12:34:32 IST" duration-ms="9339" status="PASS">
          <reporter-output>
          </reporter-output>
        </test-method> <!-- createorg -->
      </class> <!-- com.comcast.crm.orgtest.CreateorgTest -->
      <class name="com.comcast.crm.contacttest.CreateContactandOrgTest">
        <test-method signature="run()[pri:0, instance:com.comcast.crm.contacttest.CreateContactandOrgTest@38425407]" started-at="2025-04-29T12:34:04 IST" name="run" finished-at="2025-04-29T12:34:23 IST" duration-ms="18670" status="PASS">
          <reporter-output>
          </reporter-output>
        </test-method> <!-- run -->
      </class> <!-- com.comcast.crm.contacttest.CreateContactandOrgTest -->
      <class name="com.comcast.crm.systemtest.TC_03_CreateSalesOrder">
        <test-method signature="run()[pri:0, instance:com.comcast.crm.systemtest.TC_03_CreateSalesOrder@3b69e7d1]" started-at="2025-04-29T12:35:39 IST" name="run" finished-at="2025-04-29T12:36:05 IST" duration-ms="26093" status="PASS">
          <reporter-output>
          </reporter-output>
        </test-method> <!-- run -->
      </class> <!-- com.comcast.crm.systemtest.TC_03_CreateSalesOrder -->
      <class name="com.comcast.crm.orgtest.CreateOrgWithIndustryTest">
        <test-method signature="run()[pri:0, instance:com.comcast.crm.orgtest.CreateOrgWithIndustryTest@5b12b668]" started-at="2025-04-29T12:34:52 IST" name="run" finished-at="2025-04-29T12:35:03 IST" duration-ms="11111" status="PASS">
          <reporter-output>
          </reporter-output>
        </test-method> <!-- run -->
      </class> <!-- com.comcast.crm.orgtest.CreateOrgWithIndustryTest -->
      <class name="com.comcast.crm.systemtest.TC_04_CreateInvoice">
        <test-method signature="run()[pri:0, instance:com.comcast.crm.systemtest.TC_04_CreateInvoice@815b41f]" started-at="2025-04-29T12:36:05 IST" name="run" finished-at="2025-04-29T12:36:27 IST" duration-ms="21590" status="PASS">
          <reporter-output>
          </reporter-output>
        </test-method> <!-- run -->
      </class> <!-- com.comcast.crm.systemtest.TC_04_CreateInvoice -->
      <class name="com.comcast.crm.contacttest.CreateContactTest">
        <test-method signature="run()[pri:0, instance:com.comcast.crm.contacttest.CreateContactTest@2d1ef81a]" started-at="2025-04-29T12:34:44 IST" name="run" finished-at="2025-04-29T12:34:52 IST" duration-ms="8593" status="PASS">
          <reporter-output>
          </reporter-output>
        </test-method> <!-- run -->
      </class> <!-- com.comcast.crm.contacttest.CreateContactTest -->
      <class name="com.comcast.crm.contacttest.CreatecontactwithsupportdateTest">
        <test-method signature="run()[pri:0, instance:com.comcast.crm.contacttest.CreatecontactwithsupportdateTest@4c402120]" started-at="2025-04-29T12:35:20 IST" name="run" finished-at="2025-04-29T12:35:29 IST" duration-ms="9322" status="PASS">
          <reporter-output>
          </reporter-output>
        </test-method> <!-- run -->
      </class> <!-- com.comcast.crm.contacttest.CreatecontactwithsupportdateTest -->
    </test> <!-- Test -->
  </suite> <!-- Suite -->
</testng-results>
